[RUN #0 3 100]
706 -696 -598
-104 264 49
-182 192 -770
-659 184 -819
-150 -746 372
141 -654 218
-821 -533 705
-802 515 -530
384 -820 -848
-234 -214 598
-430 33 973
-717 -289 -305
-211 997 406
-397 -871 894
292 241 -874
804 -616 714
642 -935 -58
-946 301 -364
483 565 -855
203 -801 813
288 -29 -791
-514 36 -754
-331 -231 231
707 -535 -579
-621 387 808
-49 894 -795
-884 135 861
254 -540 -815
364 964 704
-614 -662 -430
-772 -335 -126
204 -23 225
834 36 1
-396 -571 862
-144 23 882
122 -49 89
832 -681 124
416 189 604
-757 788 896
266 -459 249
-412 -569 -217
446 479 109
-303 569 894
-23 20 -826
-675 919 -784
-982 878 869
-697 -363 -400
696 -443 -86
653 -711 -298
-63 270 538
102 874 -592
-942 329 -41
-974 -13 -830
-230 529 573
239 230 58
-216 -784 -882
137 -214 846
690 526 991
-116 -686 331
521 721 -179
-525 -12 -5
-13 -193 990
-427 285 732
-358 -700 582
167 771 -748
590 941 963
-795 -32 -423
793 -759 51
-200 -319 354
-710 247 641
-965 -267 -903
-458 628 21
-520 498 536
-778 597 -867
-336 -384 -878
-830 78 -661
-474 479 -607
181 -487 -103
153 -812 -687
727 313 71
-477 -583 -561
398 -483 160
-986 654 -329
564 22 -447
366 -184 -638
810 -764 181
92 467 575
812 -64 570
-267 -601 -108
-549 757 735
439 -224 -298
-221 -497 -306
-527 -443 -441
-130 961 -525
307 776 -4
340 -413 -4
876 406 -844
-703 715 499
-822 342 761
455 -183 -901
[RUN #1 3 100]
233 -154 -289
-132 944 881
-465 -889 323
-513 145 376
79 -452 -462
239 -841 -958
142 -218 -94
-448 -570 -21
649 -77 -848
131 -567 108
607 -318 -425
-683 219 -775
-241 -285 -677
191 -276 -304
-876 -38 -160
-566 100 -443
402 -628 732
-299 791 684
[RUN #2 5 100]
-286 -557 -192 -147 466
545 194 768 466 -991
-330 -682 -106 290 158
-240 640 -458 809 444
-421 -608 488 -757 788
758 -617 399 -601 143
479 -471 -866 866 977
337 -485 -65 774 -905
769 -183 240 -881 60
-883 -497 950 759 55
136 648 -558 681 -650
37 -708 -558 893 39
-353 715 -188 -889 784
-485 -172 -870 656 -721
973 -419 725 -249 585
-526 -174 -212 -595 -944
466 328 -814 613 -559
558 913 281 -264 -450
771 908 609 -416 -753
-248 -267 -984 -779 -591
739 481 -462 453 -380
-62 306 -393 472 179
-168 361 752 396 872
975 -52 335 -408 980
-250 -215 -457 20 482
-780 744 343 288 -108
541 295 808 785 -32
-732 179 -10 -934 -928
-615 594 483 478 595
305 -250 -864 -155 366
677 877 -875 94 109
-993 -820 39 276 441
-185 804 -705 722 581
859 965 982 -205 -670
-983 43 37 -920 593
-612 248 322 -890 72
660 322 -303 -815 -705
244 -873 605 366 477
919 216 783 251 -209
358 681 861 23 -614
-129 373 948 656 536
-349 -744 -388 -238 577
100 585 130 -860 774
-758 455 -595 -750 281
612 -496 907 405 917
-330 -884 -72 754 -739
834 -994 -323 -779 190
-132 -119 -113 -608 -648
20 283 156 929 353
674 922 765 142 -373
330 -847 806 646 86
-753 -646 451 274 139
-518 -56 -571 711 -183
420 -750 -927 -303 -805
-712 -393 802 810 733
-465 689 261 545 -290
682 187 733 846 498
-450 -964 587 -690 -910
-943 477 487 -610 -688
-749 192 321 -476 935
917 947 878 -3 -907
593 -465 665 224 -935
-452 -807 -698 843 -108
470 -804 -527 797 -353
-189 552 643 -162 -959
73 -343 -816 90 47
237 -201 -805 -318 219
-483 -607 -520 876 273
-489 -729 246 -523 209
-88 -211 -514 714 -235
262 906 -329 661 -464
-369 -285 570 26 651
571 802 862 -328 -879
-83 -930 133 681 -553
-896 -778 927 -463 -398
340 610 532 -695 348
-438 -734 -256 504 494
132 491 256 323 -559
949 -811 188 -912 -296
676 838 -912 166 -321
822 642 841 -945 183
-816 -687 924 -547 -694
-982 91 -579 640 -508
-835 -789 102 637 -930
-578 599 -404 601 -637
-632 442 326 -973 232
976 -245 -241 -548 769
198 -803 361 115 585
617 -918 562 553 -182
-122 686 33 -669 304
-580 -714 426 440 296
-257 -830 -635 -359 -424
-303 -393 -846 436 786
507 512 967 36 -674
741 -662 324 567 -900
-548 189 -16 -399 511
-335 -834 -315 -792 -328
-57 -531 832 -99 -354
765 -483 -515 897 260
318 171 857 531 -854
[RUN #3 10 100]
-856 724 597 -413 50 435 -131 640 -973 -307
-964 -726 42 683 -541 273 890 952 992 -723
-43 -833 341 -825 594 813 822 -672 -954 -826
490 735 -770 -429 290 427 235 541 -862 -70
465 360 -85 471 922 -506 47 -772 -91 39
647 300 383 500 -500 872 -28 145 -63 557
-729 148 -752 679 -996 -908 -302 78 197 -50
909 -475 -215 -250 477 -24 483 815 -927 274
572 774 329 -982 -179 -662 -297 598 -284 948
-814 24 336 -965 -580 -740 64 664 -541 -120
330 -877 618 650 66 482 969 813 -360 150
-251 -222 -410 -654 -758 488 -637 -292 393 -242
-889 -159 -892 -267 -485 -864 578 693 -586 -883
-986 -834 -781 75 450 132 258 -853 266 -890
987 735 625 766 -48 -708 -827 867 889 -645
355 -187 148 628 -956 603 157 425 693 18
374 722 -416 500 151 -592 608 786 897 -448
-371 -682 -175 907 -421 72 -20 -723 -935 900
-766 -379 -603 -923 80 389 515 -725 263 230
-387 -939 526 -494 382 1 269 346 -710 789
770 829 -64 -693 -97 833 -654 -132 -451 527
-81 -738 818 -763 302 -28 -461 -882 356 -51
778 314 -470 777 -770 304 639 321 -937 518
54 -436 -186 -34 194 -489 -592 134 327 380
-730 -236 57 -695 486 223 993 -536 -204 -398
445 128 -570 130 930 606 900 -780 298 142
-39 -58 789 26 -498 -68 230 -647 945 397
279 -764 -943 234 -961 863 150 458 384 -389
332 -280 34 -115 955 -97 430 -635 -177 754
-713 -529 899 -153 115 -662 -281 -216 -960 -259
-886 175 -203 288 -49 349 511 648 88 -798
722 -187 675 322 66 690 198 815 -354 891
-698 -693 -33 -290 -416 971 747 825 440 28
-728 452 -434 -129 -549 670 -140 846 -535 83
965 520 609 -581 714 112 -475 -157 166 255
-737 184 -822 -483 402 -670 -429 -844 -415 -170
-289 532 622 -358 249 -544 -313 -851 564 379
-553 -775 547 93 -549 214 -238 876 118 532
-635 -249 -435 -183 -412 -776 267 293 180 219
921 666 192 665 -920 -401 -228 610 -746 -48
869 -679 -140 351 468 -470 377 -530 163 -770
910 -704 -353 38 -583 86 945 -266 -415 508
-954 687 -489 965 -679 929 -650 -778 -469 -626
286 -471 260 -718 -558 68 -134 202 821 -216
921 325 610 355 -959 -122 259 543 254 -597
-851 366 543 695 410 -203 530 271 -612 -821
-484 -605 -959 979 -522 -125 330 -291 -597 -533
450 812 -58 77 -534 -64 -134 590 -491 475
229 491 372 761 915 -665 -417 -195 24 -254
-399 700 809 -632 148 558 -188 -423 -832 253
-886 623 126 -900 -512 698 876 -899 107 -948
-996 506 837 914 281 29 -460 -317 -760 632
-153 -818 926 -24 641 988 -778 -910 -20 -202
-336 950 -588 -291 308 -993 -825 960 870 -762
-531 471 -70 450 -489 -729 -889 852 519 -161
-514 -944 -64 -807 440 603 -148 -690 576 -552
-684 -372 342 357 706 796 -428 -522 584 -162
-119 -55 440 945 787 632 -865 289 -448 -36
-685 -645 579 -357 751 874 964 -451 -138 -588
593 -355 43 -152 701 292 -760 159 -313 -543
-905 913 -531 824 -328 -36 -258 -149 136 -960
-966 -239 300 -344 868 246 -78 593 173 515
-508 -18 -437 -268 -459 560 776 231 -674 186
-215 729 290 -667 -511 -588 322 893 406 793
199 319 -274 857 -257 38 -586 -492 -289 141
-327 -113 -480 -230 -564 -610 588 757 -827 -762
-771 -949 102 496 -77 340 217 418 -304 -417
753 -990 -687 922 -935 -158 229 -188 503 -196
209 104 -312 499 -441 46 684 654 -116 483
489 442 -876 -694 -429 114 -529 -293 -780 -648
-937 628 999 -223 84 -950 223 172 916 178
-581 175 288 -117 -848 385 221 885 -595 -651
-618 620 -604 -343 533 810 -445 -837 -77 336
725 -985 664 -435 -275 280 671 -394 -101 -225
[RUN #4 10 10]
-25 408 105 883 552 357 -428 -57 -596 -209
-369 82 645 654 660 -825 -29 378 -649 -852
220 -886 -384 680 -628 842 324 -574 -104 423
856 -8 -594 -705 889 180 -4 -759 -578 334
-858 461 -887 778 409 -779 -670 -39 -945 495
869 -422 363 -553 779 332 -279 -696 62 448
-95 -529 567 32 928 -558 -330 632 817 23
356 229 964 -515 -811 309 304 829 -168 773
211 -527 -559 899 964 -325 -145 576 524 297
-319 454 931 527 -237 -16 318 -44 878 -824
[RUN #5 10 10]
-553 81 -858 -870 225 344 -753 618 292 429
821 -290 52 419 637 -163 -179 788 236 180
-878 -200 356 -992 42 572 688 285 78 -412
-604 825 610 -584 -878 -166 366 646 -597 -753
450 -251 833 -102 903 329 417 541 460 975
-488 -316 632 754 -410 -58 -8 582 -835 973
965 -255 293 -446 285 -397 576 -686 -619 389
7 854 -534 335 836 -804 338 411 306 -468
-471 -797 -199 901 -382 518 -614 -158 -576 963
760 985 -967 552 864 922 -988 -588 56 65
[RUN #6 100 100]
-129 989 852 -704 245 210 253 230 -800 300 -568 113 -889 -780 -685 -529 503 -270 684 -818 -845 444 -777 -438 502 -210 698 171 687 -361 721 -651 -923 945 998 -205 -913 -703 853 -620 237 604 135 -324 235 737 388 -179 -679 392 -911 640 13 793 447 -128 419 315 549 -749 920 589 -197 352 -634 -290 212 200 -841 -97 -463 -155 297 398 -313 836 -401 538 -730 -124 568 -127 304 -734 -55 -571 312 252 -225 526 130 -875 -854 784 -598 -168 -788 -335 -966 23
739 -799 433 940 843 552 -72 -245 41 162 -332 -667 -252 722 169 -579 -663 72 189 -145 860 6 -865 -174 -238 638 -140 -195 667 -947 -786 -41 -682 710 -222 307 -997 -326 946 -959 322 113 24 -500 34 762 -609 -40 -297 -794 -849 -955 -208 -387 42 -965 -981 -56 -486 879 376 297 269 594 870 237 631 -44 272 -591 546 -322 -176 -13 -681 286 848 901 845 -471 -314 943 16 -114 -215 -416 -52 234 -631 -303 -996 -586 -806 -427 -510 -431 -879 7 262 562
340 -892 -659 489 569 258 685 -217 25 -416 -490 -697 686 524 447 -275 715 -845 567 -55 863 296 325 -806 630 66 983 928 -607 -162 472 797 137 464 309 214 47 186 475 -342 -172 602 550 -184 997 -95 -319 811 575 277 -986 -978 505 976 -610 -717 314 -889 -235 939 399 -587 -781 -68 804 -494 -306 471 -301 -880 -434 -200 -510 438 3 -377 -811 -149 -519 -194 501 476 -982 840 79 656 460 -861 -739 61 -94 286 -49 775 60 250 -361 -405 89 -640
-183 902 -338 384 660 675 -759 654 -914 -887 -427 -56 -45 -194 -507 -175 -467 -819 -96 -251 -864 837 686 918 -244 292 668 18 290 -298 -931 183 -995 595 -504 816 47 949 -587 -106 -985 -156 913 131 645 132 494 -335 407 227 -795 -81 505 -708 -685 573 532 -255 900 -252 -431 -142 684 871 364 -16 460 -613 -54 552 -98 -993 -76 308 -674 -785 -86 -147 -647 -326 820 -321 770 -916 -870 -988 -643 554 886 -932 -699 979 855 238 940 -910 -598 371 431 -556
351 333 -420 -354 889 -445 188 207 607 -212 -706 -693 710 821 -419 -381 -210 142 211 -315 -586 -680 -25 -966 -211 -626 -339 -289 305 -183 429 -943 -244 159 242 -164 697 815 -597 -495 -662 780 476 -457 -886 535 264 -99 757 385 139 445 -768 -715 -546 158 114 -296 665 -978 -269 144 565 -727 -79 387 -562 226 852 -580 -606 -574 -274 -760 -845 674 -176 255 -940 787 -902 178 -620 -383 26 -895 486 743 603 -805 246 745 -444 -891 -156 425 -534 -245 135 906
688 717 -520 278 -936 -772 664 553 -48 -374 -973 29 75 185 882 683 -6 808 -295 178 -221 -980 348 205 659 -161 -334 -741 -661 673 -231 127 -289 -207 -666 27 715 -378 395 -669 -492 -972 -477 -372 620 537 -128 -294 -422 -726 -722 905 -315 202 218 -920 752 873 224 690 -106 -471 189 -243 -457 -164 33 -94 336 17 665 -396 323 723 -648 21 24 -305 877 582 36 416 16 680 -734 653 779 250 -122 -537 -178 -493 364 544 662 -948 -900 -544 -640 -502
568 970 442 -896 -364 810 -189 16 935 799 -657 -953 271 940 112 726 -872 -848 -729 -746 817 761 -205 -522 -999 -700 169 844 -261 -285 572 273 -497 354 -653 -823 185 190 752 605 491 -883 -274 762 -974 -7 951 99 895 -990 -402 -925 -840 -366 892 -717 -930 -569 881 230 529 233 -33 883 592 -704 -222 -104 482 740 -358 -23 753 -465 378 578 106 140 685 853 -705 -197 -943 48 742 470 611 266 -98 134 -787 -626 -651 664 -342 -931 -610 -163 -294 -269
425 -269 -452 83 -349 268 95 86 995 890 -79 -517 -54 667 -408 464 239 840 389 761 -146 -493 -28 -815 248 -842 -73 813 102 -919 714 -547 -964 526 998 -986 -818 147 198 -279 -595 -555 -528 203 -712 903 -107 858 951 -124 -384 426 -461 -891 -247 -487 89 -932 -552 728 85 -492 78 -186 387 -793 -162 -387 -699 -734 -469 774 -828 266 -668 161 363 509 -358 650 -94 -272 647 -16 894 676 993 -889 582 819 -445 -652 350 700 366 534 300 176 -470 765
396 618 -615 236 -101 -849 654 598 -862 20 54 -785 -927 -586 -437 -421 754 -404 587 -779 -529 318 401 -115 161 260 210 -147 910 572 -151 866 -368 90 767 375 61 145 -930 899 673 -869 434 247 -884 179 167 -573 836 -926 -307 722 241 -662 -39 373 -531 652 -123 691 -961 773 706 486 76 569 703 729 777 -41 -658 78 437 932 -599 -883 -955 -969 191 -618 -213 103 601 454 882 329 634 -322 632 849 -365 356 -58 223 135 114 710 778 -918 -239
586 -275 696 -497 611 588 290 166 -994 490 719 0 300 633 -283 -288 783 -147 -620 115 -431 659 -959 -686 304 428 -721 296 540 -130 509 321 449 980 550 -598 670 976 84 711 789 -910 79 -364 -821 -881 -855 943 52 962 -575 537 -695 -940 607 887 -249 843 229 -1 -667 -840 -416 -868 -780 319 338 768 776 934 837 814 -336 957 437 -163 929 -866 194 -274 -944 -615 -133 -899 734 268 327 -79 -182 -304 -974 379 -452 -131 608 905 326 992 -573 766
-104 -811 -91 695 -531 -301 -449 -481 -398 735 562 225 427 667 -504 849 -590 -389 123 296 -382 -893 501 233 -44 661 20 -971 -824 594 -536 -176 543 -296 -813 -821 -223 -75 222 -194 -678 257 852 981 -969 -677 -873 553 -578 -255 -742 -776 756 948 -773 78 863 -465 -37 556 643 -460 718 -709 428 -182 827 244 -257 -193 -738 376 -612 -368 -699 -67 915 -125 -680 -714 992 10 771 -735 511 -580 -662 -503 706 -828 -198 -51 299 -455 -50 149 456 989 -240 116
-947 686 -935 535 -661 -157 -925 -800 -82 -31 448 -798 894 -895 -761 -804 289 -357 -797 521 934 -838 193 588 23 -536 341 -234 -273 935 -689 978 937 538 550 300 -100 -889 567 951 -200 725 -279 217 736 -513 -683 -421 242 151 -70 799 571 -490 -214 673 -712 -616 -810 297 -116 -356 -331 -649 630 -259 807 418 361 747 156 -469 500 -295 -568 188 741 252 537 -156 913 -610 -622 -539 814 -771 -277 -639 689 398 800 691 -718 -748 -816 -228 624 -823 856 334
-558 918 -174 -206 -974 -594 246 147 377 772 -956 -662 -219 -547 -780 -640 80 -898 -523 -605 -131 520 758 756 363 -656 -545 -245 530 -173 96 -137 -524 -187 605 -574 -87 -900 -846 421 750 -303 7 -486 -18 854 -186 -694 -918 877 -552 949 981 535 982 188 -508 271 -920 -204 978 436 209 -53 -556 503 837 -65 -532 -153 156 -307 -461 -989 -409 143 355 1 -901 865 -551 506 -372 312 9 933 213 405 767 509 -602 705 527 513 152 230 570 -282 738 -999
444 535 -290 101 -873 729 -155 -34 661 971 714 -79 -267 -523 -666 -737 181 627 697 539 266 -109 -479 -532 897 -270 -220 536 760 895 -757 298 146 -563 151 -413 570 -656 426 394 735 -64 -744 -922 446 -874 -116 724 192 218 -106 374 624 723 -581 103 271 -45 -641 122 -376 -513 699 902 -74 851 -616 769 -2 917 -850 -807 580 505 140 550 725 16 -992 78 529 -541 518 775 -636 936 -664 953 245 -180 -431 542 127 850 447 313 -911 631 -868 -750
-476 588 562 -868 -449 378 286 -61 127 257 673 819 -579 -501 -249 -282 875 -272 -128 -832 -753 -532 -598 282 372 464 774 145 833 684 723 741 -521 690 -739 885 -812 -743 -368 583 969 700 252 -697 929 -509 132 65 708 420 -292 -862 413 -28 -542 202 -641 807 975 773 405 -612 -168 944 279 85 -947 649 -462 710 -667 952 -682 48 920 -352 -290 172 637 -92 -49 -758 -589 -318 250 486 197 706 445 460 798 -980 161 668 -382 992 -176 332 761 517
-453 914 -200 -379 274 -64 -806 -482 -847 921 995 735 533 -859 -695 -795 -569 -454 52 405 -466 383 961 -984 -461 -831 -919 997 587 -657 426 -252 496 -790 297 -867 180 844 -151 187 621 -61 178 -821 -313 -318 551 647 494 421 271 -157 913 -400 -265 -212 -227 450 -396 -652 680 568 -803 400 -783 -994 -185 368 542 999 549 111 5 772 38 25 -468 520 -266 812 -987 315 268 544 113 827 -495 874 788 784 882 -640 -989 -390 879 -7 927 451 -108 601
100 -139 147 211 -440 -408 -33 513 -454 -171 -660 926 -709 240 -78 -933 -556 -569 6 -595 171 -720 103 719 -340 285 682 -598 354 990 -596 -413 796 87 316 527 573 838 -816 675 -890 673 657 -560 231 608 -815 -188 290 593 415 -102 -352 -697 -484 -962 -593 -384 81 296 -329 -236 -907 900 -195 589 132 120 228 852 69 105 345 -4 -682 978 216 160 -438 793 188 -859 826 -823 606 185 780 591 -918 133 -726 320 469 -93 -601 116 390 962 613 -275
604 -200 -737 144 -532 964 391 -333 74 869 328 981 701 27 65 616 130 395 310 895 921 5 239 -806 637 -856 316 440 120 125 703 -668 189 304 -569 462 -858 191 -943 322 -759 -68 849 -334 681 -487 970 -432 153 -968 -39 559 357 -836 911 546 36 -664 185 -786 100 795 750 18 -17 -318 55 174 -388 896 156 -269 -461 412 -784 889 -164 550 -158 671 482 -202 451 111 -78 930 378 775 21 -206 73 149 154 -101 -622 127 834 -646 -401 591
53 -172 531 -945 -253 -298 -749 790 770 6 -980 -83 -826 -300 422 359 913 -601 -312 -870 -313 -295 -122 446 922 -225 -768 798 968 95 -923 764 -164 -783 825 -71 642 -682 -467 395 396 622 -246 -695 416 879 828 105 131 398 -381 616 -969 780 -319 302 -240 -915 -657 633 220 863 -29 -46 656 -680 312 -38 -825 -482 -731 -701 -824 -787 -272 670 57 39 801 420 530 749 13 -90 -429 -939 -258 746 -94 952 -397 171 347 55 117 -75 934 624 -848 -222
-395 -712 431 301 -477 -650 640 401 -706 -370 692 -582 915 -348 -378 128 -364 -169 535 627 82 -176 -802 -55 228 -322 -28 -32 650 -441 418 -138 -534 -340 -301 -181 -13 981 639 956 -201 -501 597 561 295 526 -445 -326 -892 270 -464 -290 367 43 231 134 -836 411 -888 741 505 849 -398 198 149 364 -830 48 -332 749 -198 -992 184 -34 -123 578 -358 510 129 -321 -636 -511 -822 -779 -24 -446 -878 -729 308 802 -232 -349 -25 392 -653 -80 532 -77 -609 -206
-333 802 -781 -574 -389 -893 252 353 -366 481 -897 246 325 689 388 665 -538 690 454 -264 -578 269 535 -845 156 446 295 302 -835 408 577 556 -795 740 -911 -888 -830 115 178 -216 -871 -407 -525 -983 259 -341 656 94 -506 -463 -699 149 214 -357 -853 -36 -236 99 -649 384 447 968 -779 373 136 -784 733 -764 -371 -43 393 78 756 -647 260 -542 -701 -100 723 -520 599 -741 -391 235 710 -854 560 -812 -612 358 -417 713 -431 -325 -157 -338 783 -575 564 877
397 118 -638 745 840 -923 -129 165 275 591 681 548 354 -949 -369 -945 -374 -551 -480 559 934 937 553 793 884 -389 440 842 -165 610 947 674 639 -939 27 696 902 705 -223 -699 -175 851 -543 -446 -387 115 545 -882 433 971 -691 904 365 -983 -630 302 648 -244 334 -560 -405 -885 -914 563 -124 -324 -365 -848 -530 -685 71 185 -76 -96 -648 721 389 168 499 -547 784 160 -778 -122 -760 -937 -362 188 -149 234 127 -144 306 796 -163 -348 -704 -504 575 -513
-487 -33 -749 -552 -196 14 -808 -11 720 -825 579 612 595 -579 634 -385 -456 -513 183 513 149 -379 351 -115 -471 564 536 -544 -123 -644 -124 336 -120 -913 -592 903 447 -697 6 427 -797 -454 -961 -423 770 642 978 387 578 -743 357 287 371 -764 -702 281 946 913 412 -497 -717 872 -164 -154 243 294 223 -377 -477 877 556 -415 -689 590 178 -202 968 -863 967 -936 -238 144 -429 3 -176 820 295 -988 830 635 322 -486 110 -64 380 -775 838 655 -12 -762
831 -153 -741 -368 929 -198 -744 702 -417 -675 317 -759 -191 822 767 -613 864 -828 729 370 -211 -861 -81 47 -535 -469 524 -277 171 -254 -316 986 -702 -510 -965 744 -474 -652 625 -895 464 -800 -173 -708 404 -798 -109 681 476 977 -682 30 386 254 878 -366 539 164 -544 -58 -451 486 706 -449 355 -493 -734 832 116 78 264 -567 -355 942 221 -720 106 170 754 889 858 -439 707 -267 591 -193 249 -514 437 -546 -967 22 -799 -488 -521 345 -288 826 880 -376
-319 -169 -922 761 -733 679 10 919 -174 -278 -4 968 -919 290 -100 -507 -671 102 128 690 -282 -476 172 -50 -41 643 61 -662 -243 -623 11 -566 406 -127 -301 184 45 164 400 -447 -832 -991 -594 434 -89 -465 572 796 768 -294 -546 606 950 245 -122 110 104 689 266 772 -710 -508 -267 257 360 665 -400 -235 -602 991 -803 -747 -101 -915 541 -984 342 -930 952 907 213 -99 -996 531 906 -1 -634 -896 -503 448 -881 372 368 -428 -249 -31 820 -516 63 666
120 -86 -174 -313 683 205 -120 266 -41 799 286 -862 414 473 285 1 727 -92 276 -233 -825 620 195 -309 456 4 270 612 -842 -706 -768 929 526 30 797 -834 671 -687 -347 -722 -326 -669 146 -65 -1000 221 538 -977 985 314 -777 -859 -193 -184 -570 -912 -967 -672 -10 787 489 -989 -612 -919 926 302 534 -757 170 -729 -743 513 145 811 322 -610 -585 -496 231 -870 -879 -976 26 -448 591 -16 224 382 166 -616 -679 -205 625 -210 -51 -37 565 -169 -867 8
-249 -330 -745 -861 -773 626 429 -237 -977 -130 -792 443 -8 882 543 678 -155 669 -697 -176 -389 172 -54 702 -347 -744 378 927 535 -587 321 -582 -895 -254 549 -68 -262 -37 254 706 952 648 -679 84 830 33 -572 -856 536 815 -581 367 -36 -853 200 -73 -501 191 707 774 -625 -114 -651 787 370 -45 -879 -233 340 -271 -830 -550 -917 393 -147 -580 -722 -112 130 823 -127 -323 960 -32 -40 -802 305 407 -710 264 -576 -980 780 -508 990 50 670 -311 -43 745
-258 -99 -75 621 -364 -421 280 -405 935 -633 -999 335 61 408 -850 -335 442 -576 -970 342 -407 312 507 -67 172 765 964 -905 -426 972 -459 -647 410 59 484 942 777 683 166 -640 -606 -638 -545 -626 257 -62 306 -315 -181 -903 -249 -276 383 191 -858 -253 -87 775 -946 154 403 -169 -804 -967 523 -696 -65 664 -111 -537 -555 552 -481 255 -774 -854 279 -712 -874 -404 705 30 -243 -848 669 -584 10 109 -203 -505 371 583 -141 -982 -461 -160 -819 587 871 -752
[RUN #7 500 100]
559 59 -777 -548 993 154 592 404 -869 -634 -252 -865 414 -887 -737 650 -380 162 -79 150 -975 -948 0 -74 627 -181 -800 106 -870 547 719 964 736 863 182 770 -564 664 -967 643 204 753 -456 -366 -986 -836 861 907 -217 -332 471 296 605 976 890 -14 -977 -141 435 314 120 503 -382 -766 -535 -546 940 124 -394 -119 253 996 -194 893 -835 -536 151 654 -218 -282 -339 722 930 -522 876 -727 758 -706 -226 -260 485 270 -719 729 116 315 -404 -28 200 764 826 788 -920 498 640 834 490 -641 -513 655 639 -147 148 631 -29 -735 25 389 348 -970 285 -941 784 390 938 482 -171 -579 570 -938 -376 -306 539 895 -245 484 -811 660 365 211 -399 840 -233 -743 692 -311 142 -413 -55 816 -730 -211 946 376 -48 417 -872 -159 -871 -591 7 -136 -463 403 -454 -711 157 734 675 -816 58 968 -943 -525 700 897 -496 492 527 136 88 564 383 -279 -453 521 373 -909 601 384 519 533 986 169 259 -80 81 -8 -427 858 421 263 -210 2 -338 126 742 12 491 -516 -201 634 -321 -54 -978 -297 143 530 -995 -396 724 -63 -675 360 -488 -157 -106 -429 -848 814 268 -446 517 870 -646 -190 -424 545 -495 -1 -320 799 330 -439 502 -884 -573 -40 112 -423 857 13 371 454 443 975 -593 -528 -833 267 595 803 -810 960 352 -145 -387 -92 -895 -73 807 -61 756 -667 542 71 216 698 -487 611 978 49 891 -227 -293 166 -152 -674 967 973 416 -926 529 -700 -355 -890 291 -137 198 908 102 563 -356 234 185 101 -13 -861 85 375 -900 608 -817 575 663 957 -347 94 -82 379 36 97 -617 447 -367 367 -751 638 28 760 466 -820 -844 -428 -526 622 56 -492 -132 -164 -902 -310 -527 -830 994 783 875 -344 695 -90 299 -44 156 -877 -786 672 320 526 -123 723 838 68 96 469 -449 720 691 -257 -736 130 22 -843 -248 -70 697 871 995 75 -275 -35 493 -485 -448 -834 311 240 -763 -64 551 704 -111 -876 -541 -116 -628 -421 621 -672 -401 487 567 -514 -224 100 -652 -696 171 189 477 -858 271 -826 210 337 -499 86 335 -806 681 -959 -544 776 -206 805 -627 392 -102 981 659 -414 -237 137 -568 -846 -562 -231 -671 233 -919 -481 -474 -5 -258 370 -420 -403 -25 418 718 769 -67 -475 129 -161 581 -702 915 873 -143 -330 41 -298 139 910 -146 377 878 754 -359 -84 -177 -153 347 456 901 -601 -974 90 -273 -771 328 -240 27 -91 792 108 -670 -99 37 172 146 17 -299 713 -662 561 789 928 293 -290
-202 683 363 465 -810 -465 -195 562 973 34 -305 268 -211 2 -190 -473 -922 -64 -134 462 -62 641 -247 -783 -615 398 24 12 -532 477 379 770 -929 635 -555 -863 411 -606 -933 -45 -729 -421 44 975 119 769 787 -72 857 -654 761 431 781 -117 434 -894 829 263 897 932 -49 -632 -474 221 55 -951 -605 -621 210 79 48 -833 -282 -257 -308 -823 705 260 390 -971 -325 519 39 -648 142 875 113 -872 -148 -638 732 -441 -406 -601 -974 -594 -661 784 -29 412 445 907 -455 313 118 -592 -339 459 134 -357 -990 87 -612 -343 36 968 -822 -754 755 757 93 -742 200 -80 924 914 -836 871 730 111 33 273 -787 911 -50 -651 -23 329 970 -504 922 -40 758 15 -566 253 657 160 246 -327 832 -716 -445 816 -690 879 642 -349 -634 244 -939 69 712 -129 525 -739 -859 -926 597 -415 320 -484 -561 182 -915 -197 514 -924 884 895 -57 700 312 -426 -345 992 -857 -491 302 271 410 -970 -755 -519 -752 -811 507 284 -881 -846 -130 551 792 565 468 -114 460 -535 -579 -216 73 341 -685 -837 649 228 -229 137 -788 -681 -854 -825 -410 610 692 -461 -826 -164 611 95 13 305 620 -17 136 109 -58 -942 667 -597 121 474 662 798 537 -918 400 437 -909 28 -662 203 743 -554 -34 -704 788 -430 85 76 -631 582 -502 197 936 870 -542 235 -538 220 943 402 217 -808 -481 -125 -411 -714 497 -534 67 -63 100 -361 -319 166 -931 -110 -568 560 126 -447 -105 -972 -307 -159 -582 -652 939 -283 63 -94 613 767 226 107 -773 917 -695 -180 187 -804 -830 -31 -593 -670 -1000 -944 -954 -296 -495 616 935 -444 -973 651 548 919 -462 604 289 82 485 552 193 944 -86 401 286 -163 195 -849 127 -304 -354 233 -149 -889 -344 501 940 -70 502 -480 -479 -587 -829 647 -722 -896 -901 -77 748 -884 -115 674 808 756 -885 450 174 633 -108 -440 -131 825 -191 986 5 877 -485 -342 -403 -573 -882 -302 587 -550 -758 -675 78 -626 -14 184 -212 -817 209 836 731 742 -122 -803 -624 677 819 -813 650 -760 366 98 -512 533 630 -59 378 994 14 -734 -540 88 680 607 -999 -870 -964 415 853 -490 132 -580 -674 -602 494 -458 898 -417 -630 -499 -660 -24 656 414 256 -969 967 764 -472 599 -4 202 429 -916 -698 -464 369 483 223 444 659 336 810 261 937 382 -880 -28 297 737 -65 377 -377 252 -8 506 53 964 248 -298 -391 673 765 -222 981 866 -728 714 -338 885 -446 512 338 -48 -640 339 -748 783 -268 176 74 58
863 -359 -100 -116 430 -811 -218 252 53 -144 -610 129 159 747 -929 -245 -438 -908 746 -833 -73 -851 311 -674 -207 -280 396 -213 -831 -753 -465 577 -461 -720 -572 -66 902 228 -432 -588 295 -118 -617 649 419 -333 846 -918 -715 -549 -915 -620 683 -142 -886 -108 -104 -979 -386 -75 -172 369 -26 294 -391 -269 206 -998 121 -411 -294 -3 -152 -76 -290 583 111 -893 414 -476 -927 268 389 784 49 -569 928 264 -426 -673 -202 -5 -973 -780 368 -733 -805 532 249 663 -57 -554 811 562 -796 266 763 -757 -966 -635 -405 -749 -580 28 -980 615 -790 -147 -85 -244 468 645 819 -578 -4 98 -272 515 -834 -602 -397 680 -493 105 167 -362 -469 611 64 495 906 -238 929 845 -594 -143 -340 88 772 -485 -20 758 989 650 838 803 -781 -596 -182 109 -737 -665 -441 -682 -601 -237 -349 303 641 -881 499 -951 795 -849 -702 485 -487 520 -13 92 -312 187 592 -856 625 162 493 969 -522 101 -874 832 480 283 -869 -862 -277 -91 -700 -365 496 -608 759 -783 531 -686 261 118 -88 -914 672 -60 619 216 52 -591 488 -94 527 -81 -932 -114 742 894 557 -759 435 -231 380 -96 548 -964 190 477 148 -150 668 267 422 172 237 86 779 -253 608 -552 -615 657 -444 -83 -353 -360 -541 770 530 -336 578 -481 479 947 25 766 -967 -794 875 -647 638 755 -887 715 716 -698 -890 -519 889 -260 565 -638 209 421 -744 940 -857 901 -303 -14 -758 936 82 -217 323 68 -273 339 -230 -667 -99 317 168 -308 -332 -525 -36 -879 -644 -301 -394 610 454 801 675 722 -940 -428 -249 441 -605 -509 769 -494 612 -619 -694 931 688 -882 822 -586 -896 -818 -101 246 -548 -192 436 -406 -609 -296 341 976 -501 978 -633 -589 -366 524 -738 -484 903 -534 265 777 429 43 878 332 710 -387 883 -225 519 -707 -270 -763 926 472 -575 -435 -772 888 -15 -234 -188 954 -170 509 439 -505 659 991 -297 661 -520 -826 263 620 -770 725 -808 961 -847 977 -807 866 173 752 312 -498 534 -688 -415 917 962 -211 -474 893 -863 340 560 -899 -419 -325 164 208 653 732 275 -240 141 -878 895 -250 44 -52 -907 -206 -486 -155 -330 315 9 -587 498 -825 925 -473 467 826 -741 131 713 677 408 281 -499 595 -390 -654 222 -597 877 366 830 50 338 180 547 145 -22 -710 154 482 -201 -43 526 189 -318 -965 405 -351 -48 307 786 -446 -679 -381 622 451 996 -902 -812 -151 -845 694 -622 -174 689 198 960 475 342 165 79 207 -367 -996 72 -417 600 -616
571 -116 966 565 -723 -438 434 -657 -415 -441 -530 -69 805 -283 198 -374 -872 416 -481 -492 896 -237 -636 -525 -776 -713 93 -170 -684 562 205 -279 665 -218 -574 789 -929 -404 407 681 -8 328 926 421 79 -573 796 378 104 892 -583 -33 207 159 -113 163 866 -588 52 -101 554 -214 -432 -88 475 764 803 -107 -503 -60 -879 37 521 69 854 -895 -969 350 -496 544 -858 -866 182 755 -970 819 -205 -567 110 -514 901 248 -982 -645 -531 533 332 666 -390 12 329 717 -479 -698 101 -338 -712 566 -854 -223 -143 -416 -983 112 -259 -966 -721 600 -848 -210 -552 -676 -642 345 -174 -294 -115 -145 333 403 -387 -188 851 -856 -964 872 84 315 857 911 748 706 493 601 -477 -894 -449 39 -90 -759 179 867 759 -307 871 468 158 734 904 -747 -951 -6 213 -358 -180 -224 153 336 626 -302 -290 -270 -352 313 782 -915 -118 -688 -963 -786 663 638 -945 199 771 270 -788 -7 602 800 -752 -744 138 905 484 -45 616 -592 405 574 142 113 331 696 -105 -803 908 -641 -582 -575 417 -500 685 970 -660 870 -351 240 683 436 297 947 828 -798 8 836 829 267 859 -301 412 671 -810 797 -155 -497 -469 -802 953 139 -797 373 -181 -609 445 -494 170 68 262 -852 73 -935 506 -722 254 -133 -3 936 239 -746 988 390 380 -144 -168 751 -624 368 -585 -954 826 -493 540 -106 105 466 -463 -931 605 343 -26 -978 -443 -778 -268 -557 -948 -769 -291 118 261 -551 208 676 891 -100 -658 -694 -379 386 3 809 -628 298 97 607 -269 -932 -183 811 560 -484 444 535 -532 788 -299 -508 -405 997 -535 408 -1000 400 133 556 -693 485 -683 702 -841 41 -726 -21 46 -103 -260 783 -173 -847 -923 54 -736 -488 65 -272 -448 -397 -973 -521 -687 -672 -258 346 308 915 228 220 639 429 525 -559 -340 -204 -868 -990 60 813 -401 -275 -293 272 730 598 -343 715 -465 589 551 -261 -680 -851 -875 -201 949 251 -305 -936 489 834 -656 -757 959 963 -79 961 -411 617 900 893 459 -54 -821 305 786 165 -647 -884 -831 -864 -117 -241 -812 -859 -507 837 -958 -662 -937 766 -167 -709 -562 406 -1 94 -303 -587 -264 50 453 357 -999 -121 633 -685 -755 -675 -528 721 -836 -191 -97 818 -198 -899 -91 808 -196 -395 790 -460 865 652 568 503 123 109 -883 -369 477 -246 -754 -64 -730 -944 190 620 -430 -593 670 447 -68 414 778 481 33 -464 -22 238 451 -315 -329 -900 815 980 -125 -686 -296 -850 856 -637 401 155 -975 979 656 -57 351 483
[RUN #8 500 100]
-205 848 -356 -64 -120 -954 73 698 240 512 -323 -540 -800 -200 -815 437 -963 -29 528 -316 -264 -739 789 -799 -731 -706 855 779 145 201 -144 139 337 807 -811 -607 934 517 282 -673 -596 757 261 -346 -670 -69 46 -641 -511 133 -413 -942 -90 -737 -284 861 -893 608 -453 172 -254 -937 116 956 542 -474 -772 -795 513 270 -218 612 -222 -415 725 -919 952 -113 -277 -738 730 -699 699 -102 303 -170 689 -882 31 -766 -853 -638 -605 418 906 -349 63 -495 -602 252 -61 705 474 874 -125 803 -195 508 832 91 901 -484 -235 262 -189 401 -700 587 -149 632 -661 -101 208 970 743 750 851 -564 994 -933 451 -438 -849 909 -663 -359 -959 860 293 -67 -117 234 987 644 22 -23 27 605 -98 785 -177 530 389 319 -2 -490 971 -916 465 180 -977 -193 876 215 822 808 557 188 797 534 503 231 837 -863 881 88 -385 -902 119 -81 490 64 697 -553 -18 -920 259 907 -419 -137 -93 -560 -993 372 269 -557 -138 600 219 643 -515 -425 -80 379 973 -701 -736 -228 315 361 806 983 753 87 -776 283 -792 -899 555 -252 777 -848 127 -454 -340 765 -513 235 463 384 -534 515 -186 75 524 183 511 823 -530 700 -39 -380 761 -30 -730 419 -317 24 481 782 718 818 673 -388 408 82 929 -991 766 -957 -917 495 -119 678 553 552 -688 142 242 76 -964 -182 -994 682 355 658 -162 -311 -767 -475 -73 258 -583 -429 187 -524 143 -282 957 -662 327 -369 -526 657 -779 486 410 -116 496 325 -406 298 -529 -16 -914 326 26 -131 288 -48 858 466 310 667 140 -403 927 969 -669 -436 458 -856 -948 -582 -10 559 -493 487 -393 898 -591 -887 -832 558 949 -650 470 790 268 -925 -774 77 -434 -537 -611 173 -269 -272 -974 -808 284 545 158 -35 -300 -864 -409 817 -640 492 80 616 -208 -196 47 914 979 227 260 124 102 -962 548 769 920 -972 903 33 -423 14 562 -657 254 446 814 -314 549 -708 538 775 163 -578 353 -760 -239 477 -259 -796 203 924 -8 577 -251 98 -883 506 -123 197 86 618 -476 -548 162 -654 417 255 -621 -134 -444 -733 -501 186 -327 680 -278 -110 -865 -50 329 -184 -623 448 39 -648 -352 -257 772 -966 579 -523 -691 199 -675 501 5 866 340 224 -371 926 940 581 883 923 -784 961 -690 -820 -13 -741 138 -225 586 -892 -40 420 795 -976 -55 277 -897 960 -273 631 -559 -86 728 -566 -492 -868 -398 535 296 320 -231 -878 -939 -573 968 425 -183 778 371 -179 -59 403 70 -659 -63 523
-82 273 -363 409 -920 -701 85 514 -289 970 -508 942 -110 -300 733 -671 -291 -948 -593 -507 950 758 -318 203 -767 -276 138 -418 -178 322 -280 -634 -565 -904 517 818 497 -839 772 -818 -946 70 -457 826 -520 507 -200 689 -706 -956 767 556 -327 701 766 135 -615 -958 -942 833 -196 40 228 393 -491 -915 -804 -644 -211 -410 -758 -638 943 -421 807 -636 601 990 58 -139 49 375 801 45 628 -985 -189 933 -393 408 -515 -693 395 736 -398 201 243 199 843 -754 -715 -772 -782 416 620 -164 -688 525 619 -242 -120 350 165 977 345 -311 96 401 431 103 215 759 530 -809 777 781 -922 77 -344 -281 760 -824 -589 88 -523 989 550 170 363 -980 396 436 -848 690 -119 -261 654 443 -656 751 -882 -441 294 -826 616 -96 -624 -43 -503 -60 -660 483 233 390 510 -325 596 -801 -11 -360 -91 458 752 -960 -553 -655 -736 -372 159 -605 184 739 491 -747 513 365 -166 -588 -825 463 351 235 -711 489 -73 -21 -993 0 -573 -676 677 145 665 745 783 344 -275 -65 -264 338 951 867 -551 971 356 -991 -598 808 685 134 30 -145 -640 -992 323 -940 470 -614 348 206 -395 -810 -971 -297 592 369 -217 -305 -163 -117 -283 -580 -881 -667 279 -539 362 874 830 319 831 847 836 912 -39 39 261 -361 926 291 563 511 730 -456 -543 -740 -626 699 515 -34 555 403 -435 -439 41 -415 627 -880 -462 968 -451 171 278 -61 797 157 411 664 683 930 -22 -987 -20 -66 -86 152 424 708 -813 531 -214 -521 23 194 -257 873 -998 597 -576 -329 -187 -838 -858 -506 473 -932 -726 183 -663 698 -967 906 -572 -732 770 268 -310 464 142 221 -467 -342 328 439 231 809 -865 -129 -52 925 3 553 -750 354 591 -70 -602 -911 402 -835 332 -914 177 -121 500 217 820 -12 382 869 -514 -765 -549 341 269 -171 304 -534 -823 118 270 284 819 467 -692 -489 904 964 962 -691 176 -538 308 -592 963 178 505 -502 744 748 -527 265 126 353 -986 131 -681 -768 367 -796 -842 337 997 881 14 -223 -677 -40 -878 461 -266 -162 -326 771 851 -431 462 886 -872 95 -79 -193 133 -870 -369 219 -649 53 763 -930 769 509 465 536 125 -323 -241 756 -802 296 -122 822 92 -950 -174 560 877 602 576 -182 99 -484 686 -516 914 -556 -957 310 -47 998 -143 737 979 -228 870 -380 -625 740 952 -184 208 -258 173 -157 788 167 935 300 -144 224 652 658 936 61 -977 383 634 -628 570 -403 -199 750 209 -756 -341 -55 -461 -474 817 112
893 -16 -784 459 17 -109 -165 -91 -238 457 -436 61 231 713 108 531 -475 -879 906 -891 784 899 923 104 280 -173 -898 391 332 84 -621 -15 90 75 -836 376 98 -647 594 675 -459 -442 -194 233 -415 664 -464 541 711 437 305 245 -270 -447 -46 -41 712 948 -430 -223 -201 -230 773 724 697 489 -484 241 941 -227 100 -693 -605 682 586 535 -21 -460 -263 386 990 -572 -214 -296 -97 589 -560 217 -800 -125 -552 -228 -980 251 -700 -633 527 -892 727 401 517 861 766 -523 -857 22 -687 -643 786 306 836 436 -387 554 998 895 546 -776 -758 -806 -625 256 587 708 -160 696 -935 -155 -499 -297 642 702 902 -427 214 -389 177 830 -80 -11 339 493 14 -456 777 -257 608 -287 -505 907 95 944 987 63 93 689 342 -699 20 828 508 -388 -725 227 -368 550 561 -234 962 -105 488 129 -651 83 164 -721 785 462 -206 -909 967 -461 -557 -319 295 -439 73 822 -494 77 414 -25 577 -997 219 -956 -649 -923 -448 446 485 853 -453 -315 -150 976 431 -960 -553 599 287 837 -644 -641 415 774 913 639 564 820 -831 -876 745 -769 -672 -454 -110 174 -515 -619 894 110 344 143 769 -154 35 -350 198 -502 371 922 847 -342 -138 -468 -33 316 -637 -862 651 389 -349 -964 -531 158 -611 -38 -328 -282 -258 421 -78 975 -944 -527 30 -58 -363 264 -587 -762 146 394 -199 -606 -324 -111 15 -547 -133 917 -696 -770 -609 -120 136 -589 752 -684 247 886 949 -661 -977 186 -709 282 -167 -713 -29 59 74 852 -146 179 -790 -635 -962 876 574 -79 816 -676 -7 -565 -380 753 -724 417 -77 771 -145 718 250 354 -288 506 -550 -804 244 -959 -663 145 -295 545 791 -186 62 -393 -850 567 265 751 814 -42 -414 633 -601 8 -912 -823 322 28 -979 368 772 -65 -302 -584 929 195 -148 -968 357 -278 737 -63 -660 602 818 416 -845 -691 400 -200 653 -712 212 -896 360 160 88 405 486 598 181 834 -745 300 937 154 932 467 520 -742 -809 -273 -768 833 199 -907 298 335 387 -516 -793 -794 290 157 39 547 273 -613 954 -307 536 950 68 422 -757 -102 519 163 673 -528 -294 -381 -648 714 850 558 513 669 269 -308 -586 162 188 97 -399 43 -408 -119 419 118 982 255 -827 475 -934 -868 80 -615 -530 -623 355 -271 -801 -438 -702 -760 -889 -211 -835 492 -404 142 526 -908 859 705 780 -805 240 356 680 -338 408 715 783 292 -652 -789 -166 887 -731 638 53 968 799 -659 -532 595 11 328 72 -628 -819 -824
[RUN #9 500 100]
-555 -154 924 999 762 54 -988 -147 72 -381 595 -513 296 755 -724 13 89 -363 -797 -782 863 261 -512 -307 -563 441 361 463 782 112 657 -558 393 -230 140 754 807 -589 954 867 -850 155 838 -537 421 447 529 -476 -218 371 -134 -494 567 721 -395 792 -849 -681 545 345 -380 -358 -194 185 772 439 -253 -329 -113 483 653 -884 -897 -397 410 727 323 -175 182 995 -794 784 -743 769 83 -428 -570 385 829 -354 -644 -174 311 -566 374 -832 -711 -747 -305 -449 -357 189 362 -243 709 26 -624 376 -396 827 845 -213 494 -983 637 703 -444 -801 591 952 579 913 -625 448 78 -781 757 228 584 832 -319 258 917 -778 397 -22 -249 -980 -761 252 331 -784 105 -16 -433 -844 -201 778 -495 -328 605 -485 -882 58 409 664 -234 -478 608 965 -953 -506 833 312 -689 164 239 99 -745 761 918 -608 706 403 569 740 948 -388 812 765 -767 890 -157 356 816 908 759 150 -406 -553 -84 -582 -469 -576 900 -503 976 468 -656 -881 -514 -492 -271 292 -899 -250 -304 -398 -866 -695 -661 33 -698 100 -854 -973 250 634 -148 861 617 -168 -237 -411 766 -739 286 -541 -26 195 969 128 240 -840 -659 -278 -239 -136 539 -861 -924 391 -605 676 -838 -925 884 592 801 -382 334 74 -36 887 659 -718 -468 -826 -999 -289 -612 -198 808 538 329 768 -287 519 565 937 650 -894 -78 -814 -442 724 -233 -145 -97 906 814 218 464 -220 -266 728 66 -736 50 -389 231 199 143 583 -263 -914 850 -59 17 88 767 -459 148 -653 -749 -312 -390 284 866 -888 34 -707 991 -665 524 797 -376 -399 -1 -316 -107 851 820 -787 585 364 -615 -703 -587 -393 48 309 -544 -890 -290 805 722 -655 126 -135 747 544 243 -751 -434 491 -758 -846 433 670 -596 788 974 -892 -55 -293 92 -265 79 537 -793 694 139 894 276 561 955 -338 -590 -466 -458 -121 785 993 527 -519 93 798 246 622 813 931 272 -674 -160 215 716 946 145 163 606 268 -401 892 889 132 -581 -362 621 -321 -132 -190 -946 116 983 -542 -641 -181 -258 384 -945 -391 -205 -869 554 667 783 223 -420 692 654 810 504 -538 -445 872 -347 972 -789 -617 -57 809 -824 732 775 932 -359 -911 -842 -63 803 101 56 877 46 219 -45 -125 -721 627 981 858 956 -839 55 -679 -139 205 103 -29 -613 -192 18 21 -173 383 -423 -352 933 -209 487 -738 719 599 -106 625 598 -448 269 426 -733 138 720 -178 -477 963 420 558 -889 868 280 -308 -379 -631 -122 751 -709 671 142 253
-48 -185 270 852 -317 669 651 132 -624 846 -583 937 -881 -394 -795 995 986 190 978 -596 260 -103 92 920 -116 -626 -916 -527 -970 648 -305 576 -784 -502 194 -39 -945 151 127 998 758 -261 -670 -747 -771 891 -354 -513 575 -108 -545 652 326 581 990 -180 -13 537 176 -529 729 386 337 -472 -158 -913 895 -464 293 541 329 532 -579 314 -174 -909 -961 -335 136 -638 182 -804 -165 -540 258 171 -750 -515 -201 618 -445 906 577 19 -293 526 892 365 399 56 539 612 -256 233 -633 798 162 62 -73 346 488 -746 -392 -207 -126 -227 -928 738 -648 609 104 -782 -179 -272 -337 -209 418 -948 -651 9 719 -520 125 -929 -888 871 672 755 -153 591 344 -649 13 -927 -521 -277 835 -851 -751 -546 -504 -232 -146 925 -653 -178 975 748 -203 272 464 -814 -935 873 522 542 -385 -127 -998 243 226 935 854 -326 387 145 524 -196 589 -609 -274 -779 -635 563 332 -711 -981 -382 797 -941 -871 218 -739 -645 590 292 288 278 142 876 -585 -313 181 564 485 -403 -333 -239 538 -769 -985 -173 -664 -479 -963 208 870 188 -6 594 -191 -344 -235 641 976 745 709 -735 -466 -713 10 -819 339 -915 -884 897 503 502 -485 -590 654 157 -835 862 -580 105 833 -932 921 -718 810 -908 -360 -66 494 781 602 -615 498 -896 290 634 963 684 -125 -686 -218 -817 -144 -332 -709 -524 192 -690 453 -139 863 534 178 180 827 -93 -47 495 -484 -56 839 407 639 -669 -211 820 -600 -145 -33 874 405 -294 -17 697 -931 956 279 -78 912 -457 -295 -829 -248 -21 198 47 693 391 543 913 161 -454 456 235 -143 -74 -568 471 -997 -722 -55 -187 -40 -920 -118 -252 -167 121 984 886 783 477 759 -702 -284 -424 75 765 340 313 -683 2 -695 -8 -372 -774 -619 -302 645 -936 183 708 943 572 -528 -822 515 -895 -405 248 54 249 89 334 614 184 -182 -986 -228 -955 -92 302 691 -14 -500 384 627 -122 -416 610 -217 402 -36 -547 977 -786 -414 664 129 -396 -893 -930 -415 419 721 -64 -237 821 462 622 -723 -550 -847 -226 875 -449 -584 663 232 -169 460 -939 451 918 -512 907 909 -229 -730 822 625 434 -752 -188 122 -31 -591 -950 562 -581 699 -999 230 -290 -933 415 828 -378 -97 -917 -131 687 106 700 -198 -130 167 -968 -186 95 -249 945 927 844 -327 -813 -328 967 -212 58 -627 -367 528 -640 164 -370 546 -678 -958 113 -312 48 -971 816 545 322 -848 -4 227 754 50 -315 595 396 646 772 670 408 -727 -842 -538 234 -289 -767
[RUN #10 10 100]
-906 56 205 -446 552 438 -33 968 -30 536
696 -990 44 677 -734 -305 339 817 -776 401
-936 -464 -616 530 342 116 -190 779 24 -84
-798 -205 -41 -461 627 -97 -415 -886 -515 498
446 319 -117 660 980 -154 412 99 -29 -403
-109 -175 898 -896 -936 234 -88 989 692 172
748 -668 -407 242 77 -698 -852 578 -323 -940
213 -636 276 -810 -686 -407 -274 738 760 -190
-186 866 -161 425 -504 708 716 -965 854 369
374 680 421 -694 93 5 -742 994 488 629
39 -884 -35 -341 395 -524 -786 -163 -544 194
-609 -25 -366 -146 -763 -646 -172 235 -652 634
-392 -926 32 -422 -708 753 -443 -314 -852 -414
91 810 583 -946 -325 -397 -104 382 821 -987
-908 144 680 -885 454 -445 184 -312 974 264
-779 -232 -187 353 511 -512 -669 999 490 -982
-956 616 -172 -493 136 151 -937 -406 -710 178
956 744 785 951 511 -453 680 -530 -388 -28
-457 -809 45 -974 -226 330 740 361 -630 -383
361 -130 100 922 -505 -2 -355 -757 -987 -806
-991 -203 535 -539 -214 -874 -710 -829 652 712
61 -945 170 769 -971 423 -102 127 -258 -17
-961 649 525 -148 -929 694 930 717 -296 -754
888 -162 -129 323 385 851 662 -996 -166 832
176 -354 -659 -782 -995 -626 -533 900 785 624
307 -821 420 -773 343 -480 -876 -381 42 -842
-19 -64 -251 -185 -210 -151 664 -341 -469 639
-665 448 866 -76 366 -395 860 847 -712 107
800 512 126 -136 499 -687 833 -34 310 62
283 82 -794 -693 -614 580 -762 -712 -232 623
924 -201 -967 638 218 -965 -392 -524 -256 214
642 436 -396 -334 439 -767 181 -564 990 270
533 -820 188 -124 -616 -9 620 -41 378 -706
-447 984 -104 579 26 -98 711 695 -25 205
-158 259 -501 -450 -627 -102 -941 686 629 -629
215 930 522 975 217 736 662 208 504 -163
591 -823 -641 287 532 -657 -999 -436 -485 286
154 25 -641 -757 613 399 194 -789 -277 945
-802 -159 -324 -602 -849 375 545 -678 -912 -206
-887 816 -204 -567 973 -861 579 -131 438 -376
-17 744 -408 -352 -591 -742 783 -119 -852 -33
494 -536 -546 -77 -608 60 853 582 16 989
73 247 -591 -837 -901 362 -75 210 332 680
814 172 664 617 786 -65 -906 501 768 466
-778 -936 821 -234 -748 786 -121 -217 -431 -606
307 897 182 -813 -866 -944 -645 -632 -473 -151
906 366 -280 -506 -967 40 -739 391 -156 253
-165 -685 -482 673 918 525 -651 415 -691 224
451 -562 888 -933 -759 -988 436 -887 -869 331
535 732 -580 753 -40 261 884 148 682 -986
-387 -30 -780 329 -388 380 -689 82 -971 659
24 696 38 -199 649 -941 -773 358 -213 860
-192 -471 -886 -31 496 -352 897 -520 305 245
-332 -712 686 679 -572 621 -987 -816 -225 173
-863 37 563 670 -893 253 28 214 26 -484
371 248 615 -648 -688 -751 -583 -63 57 -395
-893 834 -15 920 177 -171 -90 103 109 -245
652 3 458 -132 -841 402 795 662 532 106
536 989 191 262 224 783 -773 915 -901 -639
317 -650 63 863 -527 716 -461 51 10 600
831 448 958 103 880 534 732 -53 -516 -428
638 259 -636 672 569 -859 997 -581 53 23
836 -44 -533 583 -273 183 706 -719 738 -982
-637 -394 719 -630 -638 -940 50 806 904 -745
-24 190 -491 43 78 -225 515 -476 -428 -640
-138 743 -626 629 653 478 979 426 148 -943
931 994 -195 -487 356 -523 -973 437 -915 508
952 -963 766 -765 -465 350 737 494 -931 -552
-202 679 282 -527 -985 -914 -737 -48 -801 478
-429 -475 -461 -176 -564 164 -84 500 348 268
-290 -525 -438 -163 264 430 -110 707 232 699
-522 959 -194 -267 590 -58 998 -727 -601 -483
-158 -273 -18 -383 801 -404 849 -46 370 -653
643 -63 -513 705 -350 57 -649 -11 -880 -368
89 -58 -473 77 -438 -40 -745 -838 -8 -386
-186 -335 429 383 -269 -806 527 949 404 -895
406 -512 -407 -863 -333 -363 -644 -220 590 -904
-672 699 -296 71 -674 456 -815 -607 546 414
-532 874 304 471 679 833 609 -622 -999 530
32 599 625 508 -816 759 152 -90 -884 116
[RUN #11 10 100]
-726 359 -328 -87 589 -821 332 -933 876 -595
-119 599 868 631 25 405 -192 -280 -135 938
-631 -905 64 -733 586 -288 -774 312 -870 722
951 203 -414 542 838 -36 -986 -118 -498 692
657 526 74 931 828 781 248 -684 -246 -54
459 -80 -205 -544 -890 -70 -593 396 569 -399
-76 -306 -822 -405 -319 919 -917 -86 644 347
-688 759 846 -967 -150 -647 831 66 -936 -856
-585 390 -644 -700 577 376 979 404 444 764
-495 -4 714 283 865 -279 994 -744 -209 -587
-152 -852 63 -384 -105 -521 -911 825 902 90
459 -226 -538 97 -599 816 846 -563 -55 466
679 846 -632 643 629 472 -511 -546 654 934
-176 766 657 630 153 708 -285 -691 676 -821
129 -724 -166 -653 -657 149 415 -249 75 928
336 860 343 952 -414 448 -613 618 -66 960
-587 261 748 280 835 -804 -13 -712 562 -333
-612 674 -791 296 -426 -572 -244 508 606 113
-584 887 -833 -197 781 -933 8 256 -560 -650
-512 -508 -640 -840 -20 -105 -565 574 -824 679
-569 -742 43 -227 658 -33 -189 -562 817 -721
-490 971 -750 55 292 -985 886 -128 56 554
942 -793 -311 445 -974 -409 -973 111 -640 700
695 -646 914 95 462 -753 999 -92 121 -421
-53 509 830 948 -884 679 55 415 -850 -313
-221 -338 497 -581 200 -204 -980 445 901 873
-412 -733 -274 -617 -912 -330 346 -774 277 -611
-795 -963 513 794 -354 -495 -224 -603 -263 197
-268 -433 -153 -264 501 29 -362 -405 -892 -735
938 -262 498 474 -128 919 -991 -807 243 -626
-576 -764 -659 -303 948 165 303 656 -687 683
996 569 -183 754 323 218 407 790 -936 581
238 -769 -201 -450 982 -127 -916 693 -238 785
986 796 -318 21 92 910 -12 -312 -449 872
902 -355 -767 -885 -181 -812 -432 999 447 -588
-638 110 -60 95 564 483 192 -479 -694 978
-465 -688 -663 48 667 -721 941 977 205 -454
883 -352 142 -511 -103 -34 -963 150 -579 -99
480 865 9 343 973 726 -564 -858 -602 152
-582 -374 499 -193 -610 -778 -477 780 -176 -770
-642 689 -733 -310 -613 -797 688 382 -787 894
452 -249 396 -932 -391 527 528 95 -719 -321
[RUN #12 10 100]
395 88 -437 465 -369 303 -913 39 209 983
224 534 843 -809 -585 -562 641 -817 -445 -951
-253 692 3 193 -194 340 491 -808 -56 266
-772 392 -162 -650 -122 -338 501 883 -554 965
109 764 174 -363 768 -350 824 -971 666 -974
-176 -561 907 -941 -348 871 50 128 299 631
712 -97 -92 801 -540 227 375 -557 246 -87
-467 -679 223 -257 -131 918 -727 633 -802 432
-566 951 -470 -928 -462 -710 -732 -11 506 -389
-496 -179 -361 500 -629 334 -348 -38 364 680
672 -377 -127 -836 771 -861 967 55 -530 714
-265 -598 -297 858 856 -471 59 168 25 292
-515 -667 -292 727 -499 607 -537 -113 458 292
-181 -23 -18 386 567 -351 187 28 416 -123
794 -935 53 917 450 -57 -540 -131 512 -977
-831 -41 56 48 -720 -590 -422 -799 610 -795
837 -142 -325 -54 230 -373 -631 300 -346 -702
-970 274 980 -781 811 809 733 -948 -724 685
-599 100 525 -289 677 89 647 912 722 93
-521 -709 154 -345 919 128 747 399 -47 -222
-224 740 122 -297 473 339 8 746 633 789
-544 958 870 -903 947 627 837 276 -121 641
-341 -227 -506 35 -376 81 301 -77 360 517
-604 -591 -700 -764 79 995 -644 321 314 42
27 -584 -610 859 -958 -826 -295 -758 209 -164
-252 948 536 377 363 -328 -166 -44 -21 -785
90 -282 -400 -59 -997 -511 -956 283 300 -217
-219 -242 310 292 575 -301 930 263 -732 -934
670 -538 -555 666 528 -68 987 -911 739 709
687 989 250 944 -604 -507 -391 -275 251 698
469 -526 -165 833 -307 -650 871 -899 684 -683
726 -350 993 491 -477 -313 455 925 -480 -807
653 415 -760 -426 -324 897 474 598 -983 -294
411 222 -619 -21 483 619 -188 670 482 -54
-940 389 407 -948 -496 -477 -8 306 673 202
390 964 -69 429 -118 -634 617 -115 -957 -379
488 244 960 -534 -548 456 609 -112 3 761
21 262 515 682 -927 -23 622 -643 -792 962
-801 941 931 415 -905 -928 -275 -781 -267 299
399 -904 -587 500 20 -713 -737 -483 644 148
372 -689 -889 -450 634 198 484 -660 378 -930
927 418 883 -544 -478 -3 -872 122 -552 786
332 -843 -775 380 560 -780 -969 -28 -812 779
-398 725 353 -230 113 692 -587 718 -313 -939
-965 825 -573 699 40 502 451 -134 458 262
[RUN #13 10 100]
606 -614 498 475 -245 -182 -592 -914 -233 -748
140 -922 -93 697 403 -528 -722 176 545 -348
-637 -324 -507 -122 -395 396 -376 552 205 939
-679 32 -883 -877 -486 484 -55 467 207 631
-193 -448 860 747 -886 916 -73 -652 -740 30
615 -216 432 -755 -589 551 -952 -72 -397 637
-669 928 70 81 199 -19 -693 461 -51 546
-10 -396 219 538 -463 -397 988 175 299 -297
-462 -366 736 -751 848 246 -348 -435 -79 798
-62 636 504 -136 -228 -131 127 -802 589 421
-677 -255 643 878 -423 -576 -312 367 595 235
17 799 157 780 -844 347 -642 -670 -357 548
-805 -503 62 248 -914 -346 230 -931 678 273
380 -801 673 849 18 -972 -447 -629 -590 -633
-976 -513 394 -793 261 -482 -864 -83 -848 518
217 -250 21 -410 277 221 102 -984 156 -512
996 813 651 599 137 865 479 878 -603 -647
-34 229 970 -213 -686 486 -279 919 -985 -357
83 -506 -75 289 97 -424 794 547 -979 -69
754 -780 -619 -54 -32 -305 589 977 -278 875
317 45 706 -365 -594 -440 -577 -931 -410 -650
646 318 213 75 703 -498 925 -696 105 862
962 675 992 -673 905 -653 438 -437 -298 -326
238 852 -508 -610 -851 -529 -921 -877 -423 15
477 -869 510 -387 -496 720 970 326 296 -137
-566 351 -169 40 587 706 -943 607 -188 791
-390 -304 -971 -610 -222 698 125 714 749 -336
-720 991 -537 204 -633 696 320 97 -608 -973
386 505 350 734 -625 -815 494 480 -612 -812
-579 -796 -958 -538 -57 -715 250 -42 351 383
-115 2 -912 -669 -509 330 -548 -448 -330 -42
3 130 -5 -367 -506 850 -411 -72 435 -512
631 760 973 496 333 -900 -726 -320 788 -528
-95 485 -947 605 242 -710 574 -810 47 112
927 918 948 -16 841 -221 -817 749 -473 42
-866 817 568 619 -236 457 168 583 -606 -223
-505 466 -312 -317 -956 882 -554 -918 406 215
-748 218 258 490 375 -804 155 993 752 416
672 921 534 900 -678 -906 -670 911 46 -27
595 -706 -939 -902 -649 -930 -353 -954 290 578
224 -882 -587 -598 -438 -766 -126 -146 565 441
-725 210 -704 -123 787 85 -687 -172 343 957
761 -576 587 678 45 -893 981 -997 532 40
-907 832 -854 246 -306 457 683 -518 512 709
-410 484 242 962 957 867 -211 532 642 -462
259 -300 -92 453 -69 636 -233 -618 260 -723
-833 -34 110 -650 -677 572 378 -532 564 -941
-177 179 881 -390 782 -876 127 940 754 573
220 408 -152 -235 -911 -448 -885 428 856 -299
-278 -765 -566 805 -865 295 292 443 948 -590
997 -311 -945 -996 719 -995 464 -324 -834 -401
-153 -545 791 -472 790 -783 365 -620 642 -96
246 -934 -94 220 -979 -336 362 715 531 304
798 148 392 -925 994 -340 72 -163 180 583
-51 -592 -62 358 -22 -589 597 163 -969 -581
575 85 366 322 -901 -427 269 -530 -54 561
-643 474 769 -534 -19 468 -410 -500 -746 -789
199 228 -812 264 -300 366 935 841 -2 -661
-431 739 -313 989 -166 -412 -806 965 -848 -859
359 856 503 -712 547 495 835 -782 118 -323
-682 -273 -589 -574 326 688 -718 372 -255 -741
195 -562 791 419 -632 991 -992 -566 -269 109
-179 -973 873 -736 562 -244 -346 -593 639 279
75 -907 -790 304 -544 63 285 288 888 -102
-970 399 -544 770 -228 -673 -185 -963 -159 101
346 -105 913 -805 -17 -333 -305 190 -921 930
-373 -811 -867 -37 -707 744 -779 -4 -677 527
662 861 -749 643 -685 290 41 -13 110 -419
-229 772 -140 -668 -520 83 850 -271 -909 577
-776 -523 -712 946 968 -583 -899 -945 886 221
400 180 -33 -752 797 -76 -838 -278 -48 326
-408 530 486 -180 -292 244 -763 928 337 -469
-392 -532 893 300 473 -443 -635 -262 -681 -88
126 659 -182 745 -39 233 93 -549 -298 -860
-566 668 565 284 -243 -848 74 444 781 338
-655 -920 -555 161 -872 -917 206 -956 807 -13
808 999 476 442 604 137 591 885 710 368
-435 -838 -789 -537 647 329 176 240 -685 893
516 -784 -929 -493 396 388 -820 -194 -146 -433
115 -314 -582 213 -94 658 223 518 -544 -440
756 -305 642 -829 -71 -971 163 -589 -787 997
-473 196 -683 725 52 -176 -980 -318 354 971
-77 259 588 -451 76 527 -818 151 986 -57
-155 775 339 -384 949 353 651 -784 543 635
-813 739 -407 444 654 899 681 162 80 -383
-867 255 514 913 119 -766 -239 738 -533 -965
-171 42 316 -209 -180 -590 830 -794 -802 -184
-44 -882 -899 560 -221 976 960 906 -451 -865
-42 747 372 825 -799 -148 539 929 -249 -997
-38 -20 895 110 887 934 -285 -788 147 123
-557 370 676 97 371 129 190 619 545 418
-220 683 348 478 418 654 108 -381 -331 482
803 966 800 655 -751 116 721 -122 992 825
-730 140 660 706 -377 -651 132 -754 72 -292
8 -363 567 -487 590 899 864 601 -812 -162
-821 -15 -700 923 268 -488 -68 586 -500 -206
180 -637 -361 -961 -476 650 -405 619 364 492
521 -45 -514 201 693 989 -390 461 286 75
-559 -640 -702 308 437 516 306 -150 -276 907
864 708 335 -806 800 -174 161 742 -642 -665
